     1                                  section .data
     2 00000000 7A646F726F766F0A            msg db "zdorovo", 0x0a
     3                                      lenmsg equ $ - msg
     4                                  
     5                                  section .text
     6                                  global vertical_line
     7                                  global _vertical_line
     8                                  global _put_pixel
     9                                  global put_pixel
    10                                  global test
    11                                  
    12                                  _vertical_line:
    13                                  vertical_line:
    14 00000000 B809000000                  mov eax, 9
    15 00000005 C3                          ret
    16                                  
    17                                  _put_pixel:
    18                                  put_pixel:
    19 00000006 55                          push ebp
    20 00000007 8B4508                      mov eax, [ebp+8]
    21 0000000A C3                          ret
    22                                  
    23                                  exit:
    24 0000000B B801000000                  mov eax, 1
    25 00000010 CD08                        int 0x08
    26                                  
    27                                  test:
    28 00000012 55                          push ebp
    29 00000013 89E5                        mov ebp, esp
    30 00000015 8B4508                      mov eax, [ebp+8]
    31 00000018 C1E810                      shr eax, 16
    32 0000001B 5D                          pop ebp
    33 0000001C C3                          ret
    34                                  
